  Using 'git status' to determine working set for adaptive non-unity build (C:\Unreal Projects\Master-Project).
  Parsing headers for VREditor
    Running UnrealHeaderTool "C:\Unreal Projects\Master-Project\VR\VR.uproject" "C:\Unreal Projects\Master-Project\VR\Intermediate\Build\Win64\VREditor\Development\VREditor.uhtmanifest" -LogCmds="loginit warning, logexit warning, logdatabase error" -Unattended -WarningsAsErrors -abslog="C:\Users\kingw\AppData\Local\UnrealBuildTool\Log_UHT.txt" -installed
  Reflection code generated for VREditor in 13.665779 seconds
  Building VREditor...
  Using Visual Studio 2019 14.29.30037 toolchain (C:\Program Files (x86)\Microsoft Visual Studio\2019\Community\VC\Tools\MSVC\14.29.30037) and Windows 10.0.16299.0 SDK (C:\Program Files (x86)\Windows Kits\10).
  Building 7 actions with 8 processes...
    [1/7] QuaternionRotation.gen.cpp
c1xx : error C3859: 未能创建 PCH 的虚拟内存
    c1xx: note: 系统返回代码 1455: 页面文件太小，无法完成操作。
    
    
    c1xx: note: 请访问 https://aka.ms/pch-help 了解更多详情
c1xx : fatal error C1076: 编译器限制: 达到内部堆限制
    [2/7] QuaternionRotation.cpp
c1xx : error C3859: 未能创建 PCH 的虚拟内存
    c1xx: note: 系统返回代码 1455: 页面文件太小，无法完成操作。
    
    
    c1xx: note: 请访问 https://aka.ms/pch-help 了解更多详情
c1xx : fatal error C1076: 编译器限制: 达到内部堆限制
    [3/7] VR.cpp
c1xx : error C3859: 未能创建 PCH 的虚拟内存
    c1xx: note: 系统返回代码 1455: 页面文件太小，无法完成操作。
    
    
    c1xx: note: 请访问 https://aka.ms/pch-help 了解更多详情
c1xx : fatal error C1076: 编译器限制: 达到内部堆限制
    [4/7] VR.init.gen.cpp
C:\Program Files (x86)\Microsoft Visual Studio\2019\Community\MSBuild\Microsoft\VC\v160\Microsoft.MakeFile.Targets(45,5): error MSB3073: 命令“"C:\Program Files (x86)\Epic Games\UE_4.26\Engine\Build\BatchFiles\Build.bat" VREditor Win64 Development -Project="C:\Unreal Projects\Master-Project\VR\VR.uproject" -WaitMutex -FromMsBuild”已退出，代码为 6。
